<?xml version="1.0" encoding="UTF-8"?>
<testsuites name="jest tests" tests="1" failures="0" errors="0" time="0.421">
  <testsuite name="undefined" errors="0" failures="0" skipped="0" timestamp="2022-04-28T13:29:42" time="0.367" tests="1">
    <testcase classname=" service returns &apos;Hello there!&apos;" name=" service returns &apos;Hello there!&apos;" time="0.122">
    </testcase>
  </testsuite>
</testsuites>